mode: count
github.com/dontunee/drone_nav_serv/cmd/api/main.go:22.13,24.2 1 0
github.com/dontunee/drone_nav_serv/cmd/api/main.go:26.20,49.16 10 0
github.com/dontunee/drone_nav_serv/cmd/api/main.go:49.16,51.3 1 0
github.com/dontunee/drone_nav_serv/cmd/api/routes.go:7.53,11.2 3 0
github.com/dontunee/drone_nav_serv/cmd/internal/data/coordinate.go:17.50,20.53 3 2
github.com/dontunee/drone_nav_serv/cmd/internal/data/coordinate.go:24.2,24.53 1 1
github.com/dontunee/drone_nav_serv/cmd/internal/data/coordinate.go:28.2,28.53 1 1
github.com/dontunee/drone_nav_serv/cmd/internal/data/coordinate.go:31.2,34.11 4 1
github.com/dontunee/drone_nav_serv/cmd/internal/data/coordinate.go:20.53,22.3 1 1
github.com/dontunee/drone_nav_serv/cmd/internal/data/coordinate.go:24.53,26.3 1 0
github.com/dontunee/drone_nav_serv/cmd/internal/data/coordinate.go:28.53,30.3 1 0
github.com/dontunee/drone_nav_serv/cmd/internal/data/coordinate.go:36.57,37.55 1 1
github.com/dontunee/drone_nav_serv/cmd/internal/data/coordinate.go:42.2,42.22 1 0
github.com/dontunee/drone_nav_serv/cmd/internal/data/coordinate.go:37.55,41.3 3 1
github.com/dontunee/drone_nav_serv/cmd/internal/data/coordinate.go:45.29,47.2 1 2
github.com/dontunee/drone_nav_serv/cmd/internal/data/coordinate.go:49.50,52.2 2 2
github.com/dontunee/drone_nav_serv/cmd/api/data.go:16.105,25.16 3 0
github.com/dontunee/drone_nav_serv/cmd/api/data.go:30.2,32.17 3 0
github.com/dontunee/drone_nav_serv/cmd/api/data.go:37.2,38.16 2 0
github.com/dontunee/drone_nav_serv/cmd/api/data.go:43.2,47.8 3 0
github.com/dontunee/drone_nav_serv/cmd/api/data.go:25.16,28.3 2 0
github.com/dontunee/drone_nav_serv/cmd/api/data.go:32.17,35.3 2 0
github.com/dontunee/drone_nav_serv/cmd/api/data.go:38.16,41.3 2 0
github.com/dontunee/drone_nav_serv/cmd/api/errors.go:5.62,7.2 1 0
github.com/dontunee/drone_nav_serv/cmd/api/errors.go:9.112,11.16 2 0
github.com/dontunee/drone_nav_serv/cmd/api/errors.go:11.16,14.3 2 0
github.com/dontunee/drone_nav_serv/cmd/api/helpers.go:8.115,10.16 2 0
github.com/dontunee/drone_nav_serv/cmd/api/helpers.go:13.2,14.34 2 0
github.com/dontunee/drone_nav_serv/cmd/api/helpers.go:17.2,20.12 4 0
github.com/dontunee/drone_nav_serv/cmd/api/helpers.go:10.16,12.3 1 0
github.com/dontunee/drone_nav_serv/cmd/api/helpers.go:14.34,16.3 1 0
github.com/dontunee/drone_nav_serv/cmd/api/errors.go:5.62,7.2 1 0
github.com/dontunee/drone_nav_serv/cmd/api/errors.go:9.112,11.16 2 0
github.com/dontunee/drone_nav_serv/cmd/api/errors.go:11.16,14.3 2 0
github.com/dontunee/drone_nav_serv/cmd/api/helpers.go:8.115,10.16 2 1
github.com/dontunee/drone_nav_serv/cmd/api/helpers.go:13.2,14.34 2 1
github.com/dontunee/drone_nav_serv/cmd/api/helpers.go:17.2,20.12 4 1
github.com/dontunee/drone_nav_serv/cmd/api/helpers.go:10.16,12.3 1 0
github.com/dontunee/drone_nav_serv/cmd/api/helpers.go:14.34,16.3 1 0
github.com/dontunee/drone_nav_serv/cmd/api/main.go:22.13,24.2 1 0
github.com/dontunee/drone_nav_serv/cmd/api/main.go:26.20,49.16 10 1
github.com/dontunee/drone_nav_serv/cmd/api/main.go:49.16,51.3 1 0
github.com/dontunee/drone_nav_serv/cmd/api/routes.go:7.53,11.2 3 1
github.com/dontunee/drone_nav_serv/cmd/internal/data/coordinate.go:17.50,20.53 3 1
github.com/dontunee/drone_nav_serv/cmd/internal/data/coordinate.go:24.2,24.53 1 1
github.com/dontunee/drone_nav_serv/cmd/internal/data/coordinate.go:28.2,28.53 1 1
github.com/dontunee/drone_nav_serv/cmd/internal/data/coordinate.go:31.2,34.11 4 1
github.com/dontunee/drone_nav_serv/cmd/internal/data/coordinate.go:20.53,22.3 1 0
github.com/dontunee/drone_nav_serv/cmd/internal/data/coordinate.go:24.53,26.3 1 0
github.com/dontunee/drone_nav_serv/cmd/internal/data/coordinate.go:28.53,30.3 1 0
github.com/dontunee/drone_nav_serv/cmd/internal/data/coordinate.go:36.57,37.55 1 1
github.com/dontunee/drone_nav_serv/cmd/internal/data/coordinate.go:42.2,42.22 1 0
github.com/dontunee/drone_nav_serv/cmd/internal/data/coordinate.go:37.55,41.3 3 1
github.com/dontunee/drone_nav_serv/cmd/internal/data/coordinate.go:45.29,47.2 1 1
github.com/dontunee/drone_nav_serv/cmd/internal/data/coordinate.go:49.50,52.2 2 1
github.com/dontunee/drone_nav_serv/cmd/api/data.go:16.105,25.16 3 1
github.com/dontunee/drone_nav_serv/cmd/api/data.go:30.2,32.17 3 1
github.com/dontunee/drone_nav_serv/cmd/api/data.go:37.2,38.16 2 1
github.com/dontunee/drone_nav_serv/cmd/api/data.go:43.2,47.8 3 1
github.com/dontunee/drone_nav_serv/cmd/api/data.go:25.16,28.3 2 0
github.com/dontunee/drone_nav_serv/cmd/api/data.go:32.17,35.3 2 0
github.com/dontunee/drone_nav_serv/cmd/api/data.go:38.16,41.3 2 0
